<?xml version="1.0" encoding="UTF-8"?>
<!-- Generated by org.testng.reporters.JUnitXMLReporter -->
<testsuite ignored="0" hostname="Nikhils-Air.bbrouter" failures="1" tests="6" name="Command line test" time="148.203" errors="0" timestamp="13 May 2024 03:13:09 GMT">
  <testcase classname="io.cucumber.testng.AbstractTestNGCucumberTests" name="runScenario" time="36.078"/>
  <testcase classname="rahulshettyacademy.tests.ErrorValidationTest" name="cartValidation" time="13.349"/>
  <testcase classname="rahulshettyacademy.tests.ErrorValidationTest" name="loginErrorValidation" time="2.782"/>
  <testcase classname="rahulshettyacademy.tests.SubmitOrderTest" name="submitOrder" time="21.739"/>
  <testcase classname="rahulshettyacademy.tests.SubmitOrderTest" name="submitOrder" time="19.732"/>
  <testcase classname="rahulshettyacademy.tests.SubmitOrderTest" name="ordersTest" time="8.731">
    <failure type="java.lang.AssertionError" message="expected [true] but found [false]">
      <![CDATA[java.lang.AssertionError: expected [true] but found [false]
at rahulshettyacademy.tests.SubmitOrderTest.ordersTest(SubmitOrderTest.java:65)
... Removed 39 stack frames]]>
    </failure>
  </testcase> <!-- ordersTest -->
</testsuite> <!-- Command line test -->
